<?xml version="1.0" encoding="UTF-8"?>
<!-- Generated by org.testng.reporters.JUnitReportReporter -->
<testsuite hostname="Shrii_Mudagond" failures="0" tests="1" name="com.tutorialsninjaproject.tests.Login" time="49.000" errors="0" timestamp="2024-07-18T21:10:27 IST" skipped="0">
  <testcase classname="com.tutorialsninjaproject.tests.Login" name="verifyLoginWithCredentials" time="49.000"/>
</testsuite> <!-- com.tutorialsninjaproject.tests.Login -->
